<?xml version="1.0" encoding="UTF-8"?>
<!-- Generated by org.testng.reporters.JUnitReportReporter -->
<testsuite hostname="Laptop-66" failures="0" tests="1" name="com.itLearn.testcases.PaymentTestCase" time="17.359" errors="0" timestamp="2024-09-03T17:45:59 IST" skipped="0">
  <testcase classname="com.itLearn.testcases.PaymentTestCase" name="testcourses" time="17.359"/>
  <system-out/>
</testsuite> <!-- com.itLearn.testcases.PaymentTestCase -->
