<?xml version="1.0" encoding="UTF-8"?>
<!-- Generated by org.testng.reporters.JUnitReportReporter -->
<testsuite hostname="Laptop-66" failures="0" tests="1" name="com.itLearn.testcases.DashBoardTestCase" time="12.419" errors="0" timestamp="2024-09-03T15:24:36 IST" skipped="0">
  <testcase classname="com.itLearn.testcases.DashBoardTestCase" name="testcourses" time="12.419"/>
  <system-out/>
</testsuite> <!-- com.itLearn.testcases.DashBoardTestCase -->
