<?xml version="1.0" encoding="UTF-8"?>
<!-- Generated by org.testng.reporters.JUnitReportReporter -->
<testsuite hostname="Laptop-66" failures="0" tests="1" name="com.itLearn.testcases.TestCaseDemo" time="0.011" errors="0" timestamp="2024-08-30T12:02:42 IST" skipped="0">
  <testcase classname="com.itLearn.testcases.TestCaseDemo" name="testCheck" time="0.011"/>
  <system-out/>
</testsuite> <!-- com.itLearn.testcases.TestCaseDemo -->
