<?xml version="1.0" encoding="UTF-8"?>
<!-- Generated by org.testng.reporters.JUnitReportReporter -->
<testsuite hostname="Laptop-66" failures="0" tests="1" name="com.itLearn.testcases.LoginTest" time="5.377" errors="0" timestamp="2024-08-30T12:02:42 IST" skipped="0">
  <testcase classname="com.itLearn.testcases.LoginTest" name="verifyLogin" time="5.377"/>
  <system-out/>
</testsuite> <!-- com.itLearn.testcases.LoginTest -->
