<?xml version="1.0" encoding="UTF-8"?>
<!-- Generated by org.testng.reporters.JUnitReportReporter -->
<testsuite hostname="Laptop-66" failures="0" tests="1" name="com.itLearn.testcases.SearchTestCase" time="7.363" errors="0" timestamp="2024-09-03T11:13:42 IST" skipped="0">
  <testcase classname="com.itLearn.testcases.SearchTestCase" name="searchCourseTest" time="7.363"/>
  <system-out/>
</testsuite> <!-- com.itLearn.testcases.SearchTestCase -->
